<?xml version="1.0" encoding="UTF-8"?>
<testsuite xmlns:xsi="http://www.w3.org/2001/XMLSchema-instance" xsi:noNamespaceSchemaLocation="https://maven.apache.org/surefire/maven-surefire-plugin/xsd/surefire-test-report.xsd" name="com.Domain.UserSys.UserManagerTest" time="0.002" tests="1" errors="0" skipped="0" failures="1">
  <properties>
    <property name="java.specification.version" value="13"/>
    <property name="sun.cpu.isalist" value="amd64"/>
    <property name="sun.jnu.encoding" value="GBK"/>
    <property name="java.class.path" value="C:\Users\86185\Desktop\相册系统code实现\实现\ShareYunAlbum\target\test-classes;C:\Users\86185\Desktop\相册系统code实现\实现\ShareYunAlbum\target\classes;D:\maven_repo\mysql\mysql-connector-java\8.0.27\mysql-connector-java-8.0.27.jar;D:\maven_repo\com\google\protobuf\protobuf-java\3.11.4\protobuf-java-3.11.4.jar;D:\maven_repo\junit\junit\4.10\junit-4.10.jar;D:\maven_repo\org\hamcrest\hamcrest-core\1.1\hamcrest-core-1.1.jar;D:\maven_repo\javax\servlet\javax.servlet-api\3.0.1\javax.servlet-api-3.0.1.jar;D:\maven_repo\javax\servlet\jsp\jsp-api\2.2\jsp-api-2.2.jar;D:\maven_repo\com\alibaba\fastjson\1.2.78\fastjson-1.2.78.jar;"/>
    <property name="java.vm.vendor" value="Oracle Corporation"/>
    <property name="sun.arch.data.model" value="64"/>
    <property name="user.variant" value=""/>
    <property name="java.vendor.url" value="https://java.oracle.com/"/>
    <property name="user.timezone" value="Asia/Shanghai"/>
    <property name="os.name" value="Windows 10"/>
    <property name="java.vm.specification.version" value="13"/>
    <property name="sun.java.launcher" value="SUN_STANDARD"/>
    <property name="user.country" value="CN"/>
    <property name="sun.boot.library.path" value="D:\tools\JDK\bin"/>
    <property name="sun.java.command" value="C:\Users\86185\AppData\Local\Temp\surefire1397032317962796448\surefirebooter17995006947765426084.jar C:\Users\86185\AppData\Local\Temp\surefire1397032317962796448 2021-12-09T15-31-20_800-jvmRun1 surefire15801119625689019675tmp surefire_05445401645088746101tmp"/>
    <property name="jdk.debug" value="release"/>
    <property name="surefire.test.class.path" value="C:\Users\86185\Desktop\相册系统code实现\实现\ShareYunAlbum\target\test-classes;C:\Users\86185\Desktop\相册系统code实现\实现\ShareYunAlbum\target\classes;D:\maven_repo\mysql\mysql-connector-java\8.0.27\mysql-connector-java-8.0.27.jar;D:\maven_repo\com\google\protobuf\protobuf-java\3.11.4\protobuf-java-3.11.4.jar;D:\maven_repo\junit\junit\4.10\junit-4.10.jar;D:\maven_repo\org\hamcrest\hamcrest-core\1.1\hamcrest-core-1.1.jar;D:\maven_repo\javax\servlet\javax.servlet-api\3.0.1\javax.servlet-api-3.0.1.jar;D:\maven_repo\javax\servlet\jsp\jsp-api\2.2\jsp-api-2.2.jar;D:\maven_repo\com\alibaba\fastjson\1.2.78\fastjson-1.2.78.jar;"/>
    <property name="sun.cpu.endian" value="little"/>
    <property name="user.home" value="C:\Users\86185"/>
    <property name="user.language" value="zh"/>
    <property name="java.specification.vendor" value="Oracle Corporation"/>
    <property name="java.version.date" value="2019-09-17"/>
    <property name="java.home" value="D:\tools\JDK"/>
    <property name="file.separator" value="\"/>
    <property name="basedir" value="C:\Users\86185\Desktop\相册系统code实现\实现\ShareYunAlbum"/>
    <property name="java.vm.compressedOopsMode" value="32-bit"/>
    <property name="line.separator" value="&#10;"/>
    <property name="java.vm.specification.vendor" value="Oracle Corporation"/>
    <property name="java.specification.name" value="Java Platform API Specification"/>
    <property name="surefire.real.class.path" value="C:\Users\86185\AppData\Local\Temp\surefire1397032317962796448\surefirebooter17995006947765426084.jar"/>
    <property name="user.script" value=""/>
    <property name="sun.management.compiler" value="HotSpot 64-Bit Tiered Compilers"/>
    <property name="java.runtime.version" value="13-ea+33"/>
    <property name="user.name" value="86185"/>
    <property name="path.separator" value=";"/>
    <property name="os.version" value="10.0"/>
    <property name="java.runtime.name" value="Java(TM) SE Runtime Environment"/>
    <property name="file.encoding" value="GBK"/>
    <property name="java.vm.name" value="Java HotSpot(TM) 64-Bit Server VM"/>
    <property name="localRepository" value="D:\maven_repo"/>
    <property name="java.vendor.url.bug" value="https://bugreport.java.com/bugreport/"/>
    <property name="java.io.tmpdir" value="C:\Users\86185\AppData\Local\Temp\"/>
    <property name="idea.version" value="2020.2.3"/>
    <property name="java.version" value="13-ea"/>
    <property name="user.dir" value="C:\Users\86185\Desktop\相册系统code实现\实现\ShareYunAlbum"/>
    <property name="os.arch" value="amd64"/>
    <property name="java.vm.specification.name" value="Java Virtual Machine Specification"/>
    <property name="sun.os.patch.level" value=""/>
    <property name="java.library.path" value="D:\tools\JDK\bin;C:\Windows\Sun\Java\bin;C:\Windows\system32;C:\Windows;D:\ANACONDA\condabin;F:\虚拟机\bin\;F:\插件\CUDA\dev\bin;F;\插件\CUDA\dev\libnvvp;D;\xshell\;C:\Windows;C:\Windows\system32;C:\Windows\System32\Wbem;C:\Windows\System32\OpenSSH\;C:\Program Files\Intel\WiFi\bin\;C:\Program Files\Common Files\Intel\WirelessCommon\;C:\Windows\System32\WindowsPowerShell\v1.0\;C:\Program Files (x86)\NVIDIA Corporation\PhysX\Common;D:\MINGW\bin;C:\Users\86185\AppData\Roaming\Microsoft\Windows\Start Menu\Programs;f:\quartus\quartus\bin;C:\Program Files\dotnet\;C:\Program Files (x86)\Microsoft Visual Studio\Shared\Python37_64;C:\Users\86185\AppData\Roaming\Python\Python37\Scripts\pip3.7;D:\ANACONDA;D:\ANACONDA\Scripts;D:\tools\JDK\bin;C:\Windows\system32;C:\Windows;C:\Windows\System32\Wbem;C:\Windows\System32\WindowsPowerShell\v1.0\;C:\Windows\System32\OpenSSH\;D:\tools\git\Git\cmd;C:\Program Files (x86)\dotnet\;F:\node.js\;D:\tools\apache-maven-3.8.2\bin;D:\MySQL_bin\bin;D:\ANACONDA;D:\ANACONDA\Library\mingw-w64\bin;D:\ANACONDA\Library\usr\bin;D:\ANACONDA\Library\bin;D:\ANACONDA\Scripts;D:\编译器、解释器\PY\Scripts\;D:\编译器;解释器\PY\;C:;Users\86185\AppData\Local\Microsoft\WindowsApps;D:\Dev-Cpp\MinGW64\bin;F:\插件\Microsoft VS Code\bin;C;\Users\86185\.dotnet\tools;F:\插件\CUDA\dev\bin;F;\插件\CUDA\dev\libnvvp;F;\插件\CUDA\dev;F;\插件\CUDA\dev\lib\x64;%;SERPROFILE%\AppData\Local\Microsoft\WindowsApps;C:\Program Files\Git\git-bash.exe;C:\Users\86185\AppData\Roaming\npm;F:\node.js\node.exe;D:\IDEA2020\IntelliJ IDEA 2020.2.3\bin;;C:\Users\86185\AppData\Local\bin;;."/>
    <property name="java.vm.info" value="mixed mode, sharing"/>
    <property name="java.vendor" value="Oracle Corporation"/>
    <property name="java.vm.version" value="13-ea+33"/>
    <property name="sun.io.unicode.encoding" value="UnicodeLittle"/>
    <property name="maven.repo.local" value="D:\maven_repo"/>
    <property name="java.class.version" value="57.0"/>
  </properties>
  <testcase name="warning" classname="junit.framework.TestSuite$1" time="0.001">
    <failure message="No tests found in com.Domain.UserSys.UserManagerTest" type="junit.framework.AssertionFailedError">junit.framework.AssertionFailedError: No tests found in com.Domain.UserSys.UserManagerTest
	at junit.framework.TestSuite$1.runTest(TestSuite.java:97)
</failure>
  </testcase>
</testsuite>